c:\users\yours truly\desktop\programming\programming 3 binairy shizzle\zlib\contrib\vstudio\vc14\x86\zlibdllrelease\vc141.pdb
c:\users\yours truly\desktop\programming\programming 3 binairy shizzle\zlib\contrib\vstudio\vc14\x86\zlibdllrelease\tmp\zutil.obj
c:\users\yours truly\desktop\programming\programming 3 binairy shizzle\zlib\contrib\vstudio\vc14\x86\zlibdllrelease\tmp\uncompr.obj
c:\users\yours truly\desktop\programming\programming 3 binairy shizzle\zlib\contrib\vstudio\vc14\x86\zlibdllrelease\tmp\trees.obj
c:\users\yours truly\desktop\programming\programming 3 binairy shizzle\zlib\contrib\vstudio\vc14\x86\zlibdllrelease\tmp\iowin32.obj
c:\users\yours truly\desktop\programming\programming 3 binairy shizzle\zlib\contrib\vstudio\vc14\x86\zlibdllrelease\tmp\ioapi.obj
c:\users\yours truly\desktop\programming\programming 3 binairy shizzle\zlib\contrib\vstudio\vc14\x86\zlibdllrelease\tmp\inftrees.obj
c:\users\yours truly\desktop\programming\programming 3 binairy shizzle\zlib\contrib\vstudio\vc14\x86\zlibdllrelease\tmp\inflate.obj
c:\users\yours truly\desktop\programming\programming 3 binairy shizzle\zlib\contrib\vstudio\vc14\x86\zlibdllrelease\tmp\inffast.obj
c:\users\yours truly\desktop\programming\programming 3 binairy shizzle\zlib\contrib\vstudio\vc14\x86\zlibdllrelease\tmp\infback.obj
c:\users\yours truly\desktop\programming\programming 3 binairy shizzle\zlib\contrib\vstudio\vc14\x86\zlibdllrelease\tmp\gzwrite.obj
c:\users\yours truly\desktop\programming\programming 3 binairy shizzle\zlib\contrib\vstudio\vc14\x86\zlibdllrelease\tmp\gzread.obj
c:\users\yours truly\desktop\programming\programming 3 binairy shizzle\zlib\contrib\vstudio\vc14\x86\zlibdllrelease\tmp\gzlib.obj
c:\users\yours truly\desktop\programming\programming 3 binairy shizzle\zlib\contrib\vstudio\vc14\x86\zlibdllrelease\tmp\gzclose.obj
c:\users\yours truly\desktop\programming\programming 3 binairy shizzle\zlib\contrib\vstudio\vc14\x86\zlibdllrelease\tmp\deflate.obj
c:\users\yours truly\desktop\programming\programming 3 binairy shizzle\zlib\contrib\vstudio\vc14\x86\zlibdllrelease\tmp\crc32.obj
c:\users\yours truly\desktop\programming\programming 3 binairy shizzle\zlib\contrib\vstudio\vc14\x86\zlibdllrelease\tmp\compress.obj
c:\users\yours truly\desktop\programming\programming 3 binairy shizzle\zlib\contrib\vstudio\vc14\x86\zlibdllrelease\tmp\adler32.obj
c:\users\yours truly\desktop\programming\programming 3 binairy shizzle\zlib\contrib\vstudio\vc14\x86\zlibdllrelease\tmp\zip.obj
c:\users\yours truly\desktop\programming\programming 3 binairy shizzle\zlib\contrib\vstudio\vc14\x86\zlibdllrelease\tmp\unzip.obj
c:\users\yours truly\desktop\programming\programming 3 binairy shizzle\zlib\contrib\vstudio\vc14\x86\zlibdllrelease\tmp\zlib.res
c:\users\yours truly\desktop\programming\programming 3 binairy shizzle\zlib\contrib\vstudio\vc14\x86\zlibdllrelease\tmp\zlibvc.tlog\cl.command.1.tlog
c:\users\yours truly\desktop\programming\programming 3 binairy shizzle\zlib\contrib\vstudio\vc14\x86\zlibdllrelease\tmp\zlibvc.tlog\cl.read.1.tlog
c:\users\yours truly\desktop\programming\programming 3 binairy shizzle\zlib\contrib\vstudio\vc14\x86\zlibdllrelease\tmp\zlibvc.tlog\cl.write.1.tlog
c:\users\yours truly\desktop\programming\programming 3 binairy shizzle\zlib\contrib\vstudio\vc14\x86\zlibdllrelease\tmp\zlibvc.tlog\link.command.1.tlog
c:\users\yours truly\desktop\programming\programming 3 binairy shizzle\zlib\contrib\vstudio\vc14\x86\zlibdllrelease\tmp\zlibvc.tlog\link.read.1.tlog
c:\users\yours truly\desktop\programming\programming 3 binairy shizzle\zlib\contrib\vstudio\vc14\x86\zlibdllrelease\tmp\zlibvc.tlog\link.write.1.tlog
c:\users\yours truly\desktop\programming\programming 3 binairy shizzle\zlib\contrib\vstudio\vc14\x86\zlibdllrelease\tmp\zlibvc.tlog\rc.command.1.tlog
c:\users\yours truly\desktop\programming\programming 3 binairy shizzle\zlib\contrib\vstudio\vc14\x86\zlibdllrelease\tmp\zlibvc.tlog\rc.read.1.tlog
c:\users\yours truly\desktop\programming\programming 3 binairy shizzle\zlib\contrib\vstudio\vc14\x86\zlibdllrelease\tmp\zlibvc.tlog\rc.write.1.tlog
